<?xml version="1.0" encoding="UTF-8"?>
<testsuite xmlns:xsi="http://www.w3.org/2001/XMLSchema-instance" xsi:noNamespaceSchemaLocation="https://maven.apache.org/surefire/maven-surefire-plugin/xsd/surefire-test-report-3.0.xsd" version="3.0" name="TestSuite" time="0.381" tests="4" errors="0" skipped="0" failures="0">
  <properties>
    <property name="awt.toolkit" value="sun.lwawt.macosx.LWCToolkit"/>
    <property name="java.specification.version" value="12"/>
    <property name="sun.jnu.encoding" value="UTF-8"/>
    <property name="java.class.path" value="/Users/shilpavinod/Mavenjava/target/test-classes:/Users/shilpavinod/Mavenjava/target/classes:/Users/shilpavinod/.m2/repository/org/seleniumhq/selenium/selenium-java/3.141.59/selenium-java-3.141.59.jar:/Users/shilpavinod/.m2/repository/org/seleniumhq/selenium/selenium-api/3.141.59/selenium-api-3.141.59.jar:/Users/shilpavinod/.m2/repository/org/seleniumhq/selenium/selenium-chrome-driver/3.141.59/selenium-chrome-driver-3.141.59.jar:/Users/shilpavinod/.m2/repository/org/seleniumhq/selenium/selenium-edge-driver/3.141.59/selenium-edge-driver-3.141.59.jar:/Users/shilpavinod/.m2/repository/org/seleniumhq/selenium/selenium-firefox-driver/3.141.59/selenium-firefox-driver-3.141.59.jar:/Users/shilpavinod/.m2/repository/org/seleniumhq/selenium/selenium-ie-driver/3.141.59/selenium-ie-driver-3.141.59.jar:/Users/shilpavinod/.m2/repository/org/seleniumhq/selenium/selenium-opera-driver/3.141.59/selenium-opera-driver-3.141.59.jar:/Users/shilpavinod/.m2/repository/org/seleniumhq/selenium/selenium-remote-driver/3.141.59/selenium-remote-driver-3.141.59.jar:/Users/shilpavinod/.m2/repository/org/seleniumhq/selenium/selenium-safari-driver/3.141.59/selenium-safari-driver-3.141.59.jar:/Users/shilpavinod/.m2/repository/org/seleniumhq/selenium/selenium-support/3.141.59/selenium-support-3.141.59.jar:/Users/shilpavinod/.m2/repository/net/bytebuddy/byte-buddy/1.8.15/byte-buddy-1.8.15.jar:/Users/shilpavinod/.m2/repository/org/apache/commons/commons-exec/1.3/commons-exec-1.3.jar:/Users/shilpavinod/.m2/repository/com/google/guava/guava/25.0-jre/guava-25.0-jre.jar:/Users/shilpavinod/.m2/repository/com/google/code/findbugs/jsr305/1.3.9/jsr305-1.3.9.jar:/Users/shilpavinod/.m2/repository/org/checkerframework/checker-compat-qual/2.0.0/checker-compat-qual-2.0.0.jar:/Users/shilpavinod/.m2/repository/com/google/errorprone/error_prone_annotations/2.1.3/error_prone_annotations-2.1.3.jar:/Users/shilpavinod/.m2/repository/com/google/j2objc/j2objc-annotations/1.1/j2objc-annotations-1.1.jar:/Users/shilpavinod/.m2/repository/org/codehaus/mojo/animal-sniffer-annotations/1.14/animal-sniffer-annotations-1.14.jar:/Users/shilpavinod/.m2/repository/com/squareup/okhttp3/okhttp/3.11.0/okhttp-3.11.0.jar:/Users/shilpavinod/.m2/repository/com/squareup/okio/okio/1.14.0/okio-1.14.0.jar:/Users/shilpavinod/.m2/repository/org/testng/testng/6.14.3/testng-6.14.3.jar:/Users/shilpavinod/.m2/repository/com/beust/jcommander/1.72/jcommander-1.72.jar:/Users/shilpavinod/.m2/repository/org/apache-extras/beanshell/bsh/2.0b6/bsh-2.0b6.jar:/Users/shilpavinod/.m2/repository/io/rest-assured/rest-assured/4.0.0/rest-assured-4.0.0.jar:/Users/shilpavinod/.m2/repository/org/codehaus/groovy/groovy/2.5.6/groovy-2.5.6.jar:/Users/shilpavinod/.m2/repository/org/codehaus/groovy/groovy-xml/2.5.6/groovy-xml-2.5.6.jar:/Users/shilpavinod/.m2/repository/org/apache/httpcomponents/httpclient/4.5.3/httpclient-4.5.3.jar:/Users/shilpavinod/.m2/repository/org/apache/httpcomponents/httpcore/4.4.6/httpcore-4.4.6.jar:/Users/shilpavinod/.m2/repository/commons-logging/commons-logging/1.2/commons-logging-1.2.jar:/Users/shilpavinod/.m2/repository/commons-codec/commons-codec/1.9/commons-codec-1.9.jar:/Users/shilpavinod/.m2/repository/org/apache/httpcomponents/httpmime/4.5.3/httpmime-4.5.3.jar:/Users/shilpavinod/.m2/repository/org/hamcrest/hamcrest-core/2.1/hamcrest-core-2.1.jar:/Users/shilpavinod/.m2/repository/org/hamcrest/hamcrest/2.1/hamcrest-2.1.jar:/Users/shilpavinod/.m2/repository/org/hamcrest/hamcrest-library/2.1/hamcrest-library-2.1.jar:/Users/shilpavinod/.m2/repository/org/ccil/cowan/tagsoup/tagsoup/1.2.1/tagsoup-1.2.1.jar:/Users/shilpavinod/.m2/repository/io/rest-assured/json-path/4.0.0/json-path-4.0.0.jar:/Users/shilpavinod/.m2/repository/org/codehaus/groovy/groovy-json/2.5.6/groovy-json-2.5.6.jar:/Users/shilpavinod/.m2/repository/io/rest-assured/rest-assured-common/4.0.0/rest-assured-common-4.0.0.jar:/Users/shilpavinod/.m2/repository/io/rest-assured/xml-path/4.0.0/xml-path-4.0.0.jar:/Users/shilpavinod/.m2/repository/javax/xml/bind/jaxb-api/2.2.12/jaxb-api-2.2.12.jar:/Users/shilpavinod/.m2/repository/com/sun/xml/bind/jaxb-osgi/2.2.10/jaxb-osgi-2.2.10.jar:/Users/shilpavinod/.m2/repository/org/apache/sling/org.apache.sling.javax.activation/0.1.0/org.apache.sling.javax.activation-0.1.0.jar:/Users/shilpavinod/.m2/repository/javax/activation/activation/1.1.1/activation-1.1.1.jar:/Users/shilpavinod/.m2/repository/io/appium/java-client/7.0.0/java-client-7.0.0.jar:/Users/shilpavinod/.m2/repository/com/google/code/gson/gson/2.8.5/gson-2.8.5.jar:/Users/shilpavinod/.m2/repository/cglib/cglib/3.2.8/cglib-3.2.8.jar:/Users/shilpavinod/.m2/repository/org/ow2/asm/asm/6.2.1/asm-6.2.1.jar:/Users/shilpavinod/.m2/repository/org/apache/ant/ant/1.10.3/ant-1.10.3.jar:/Users/shilpavinod/.m2/repository/org/apache/ant/ant-launcher/1.10.3/ant-launcher-1.10.3.jar:/Users/shilpavinod/.m2/repository/commons-validator/commons-validator/1.6/commons-validator-1.6.jar:/Users/shilpavinod/.m2/repository/commons-beanutils/commons-beanutils/1.9.2/commons-beanutils-1.9.2.jar:/Users/shilpavinod/.m2/repository/commons-digester/commons-digester/1.8.1/commons-digester-1.8.1.jar:/Users/shilpavinod/.m2/repository/commons-collections/commons-collections/3.2.2/commons-collections-3.2.2.jar:/Users/shilpavinod/.m2/repository/org/apache/commons/commons-lang3/3.8/commons-lang3-3.8.jar:/Users/shilpavinod/.m2/repository/commons-io/commons-io/2.6/commons-io-2.6.jar:/Users/shilpavinod/.m2/repository/org/springframework/spring-context/5.1.0.RELEASE/spring-context-5.1.0.RELEASE.jar:/Users/shilpavinod/.m2/repository/org/springframework/spring-aop/5.1.0.RELEASE/spring-aop-5.1.0.RELEASE.jar:/Users/shilpavinod/.m2/repository/org/springframework/spring-beans/5.1.0.RELEASE/spring-beans-5.1.0.RELEASE.jar:/Users/shilpavinod/.m2/repository/org/springframework/spring-core/5.1.0.RELEASE/spring-core-5.1.0.RELEASE.jar:/Users/shilpavinod/.m2/repository/org/springframework/spring-jcl/5.1.0.RELEASE/spring-jcl-5.1.0.RELEASE.jar:/Users/shilpavinod/.m2/repository/org/springframework/spring-expression/5.1.0.RELEASE/spring-expression-5.1.0.RELEASE.jar:/Users/shilpavinod/.m2/repository/org/aspectj/aspectjweaver/1.9.1/aspectjweaver-1.9.1.jar:/Users/shilpavinod/.m2/repository/org/slf4j/slf4j-api/1.7.25/slf4j-api-1.7.25.jar:"/>
    <property name="java.vm.vendor" value="Oracle Corporation"/>
    <property name="sun.arch.data.model" value="64"/>
    <property name="java.vendor.url" value="https://java.oracle.com/"/>
    <property name="os.name" value="Mac OS X"/>
    <property name="java.vm.specification.version" value="12"/>
    <property name="sun.java.launcher" value="SUN_STANDARD"/>
    <property name="user.country" value="US"/>
    <property name="sun.boot.library.path" value="/Library/Java/JavaVirtualMachines/jdk-12.0.1.jdk/Contents/Home/lib"/>
    <property name="sun.java.command" value="/Users/shilpavinod/Mavenjava/target/surefire/surefirebooter8697304499817867934.jar /Users/shilpavinod/Mavenjava/target/surefire 2019-06-17T22-48-57_940-jvmRun1 surefire7803820727326557776tmp surefire_04297473779187087679tmp"/>
    <property name="http.nonProxyHosts" value="local|*.local|169.254/16|*.169.254/16|127.0.0.1"/>
    <property name="jdk.debug" value="release"/>
    <property name="surefire.test.class.path" value="/Users/shilpavinod/Mavenjava/target/test-classes:/Users/shilpavinod/Mavenjava/target/classes:/Users/shilpavinod/.m2/repository/org/seleniumhq/selenium/selenium-java/3.141.59/selenium-java-3.141.59.jar:/Users/shilpavinod/.m2/repository/org/seleniumhq/selenium/selenium-api/3.141.59/selenium-api-3.141.59.jar:/Users/shilpavinod/.m2/repository/org/seleniumhq/selenium/selenium-chrome-driver/3.141.59/selenium-chrome-driver-3.141.59.jar:/Users/shilpavinod/.m2/repository/org/seleniumhq/selenium/selenium-edge-driver/3.141.59/selenium-edge-driver-3.141.59.jar:/Users/shilpavinod/.m2/repository/org/seleniumhq/selenium/selenium-firefox-driver/3.141.59/selenium-firefox-driver-3.141.59.jar:/Users/shilpavinod/.m2/repository/org/seleniumhq/selenium/selenium-ie-driver/3.141.59/selenium-ie-driver-3.141.59.jar:/Users/shilpavinod/.m2/repository/org/seleniumhq/selenium/selenium-opera-driver/3.141.59/selenium-opera-driver-3.141.59.jar:/Users/shilpavinod/.m2/repository/org/seleniumhq/selenium/selenium-remote-driver/3.141.59/selenium-remote-driver-3.141.59.jar:/Users/shilpavinod/.m2/repository/org/seleniumhq/selenium/selenium-safari-driver/3.141.59/selenium-safari-driver-3.141.59.jar:/Users/shilpavinod/.m2/repository/org/seleniumhq/selenium/selenium-support/3.141.59/selenium-support-3.141.59.jar:/Users/shilpavinod/.m2/repository/net/bytebuddy/byte-buddy/1.8.15/byte-buddy-1.8.15.jar:/Users/shilpavinod/.m2/repository/org/apache/commons/commons-exec/1.3/commons-exec-1.3.jar:/Users/shilpavinod/.m2/repository/com/google/guava/guava/25.0-jre/guava-25.0-jre.jar:/Users/shilpavinod/.m2/repository/com/google/code/findbugs/jsr305/1.3.9/jsr305-1.3.9.jar:/Users/shilpavinod/.m2/repository/org/checkerframework/checker-compat-qual/2.0.0/checker-compat-qual-2.0.0.jar:/Users/shilpavinod/.m2/repository/com/google/errorprone/error_prone_annotations/2.1.3/error_prone_annotations-2.1.3.jar:/Users/shilpavinod/.m2/repository/com/google/j2objc/j2objc-annotations/1.1/j2objc-annotations-1.1.jar:/Users/shilpavinod/.m2/repository/org/codehaus/mojo/animal-sniffer-annotations/1.14/animal-sniffer-annotations-1.14.jar:/Users/shilpavinod/.m2/repository/com/squareup/okhttp3/okhttp/3.11.0/okhttp-3.11.0.jar:/Users/shilpavinod/.m2/repository/com/squareup/okio/okio/1.14.0/okio-1.14.0.jar:/Users/shilpavinod/.m2/repository/org/testng/testng/6.14.3/testng-6.14.3.jar:/Users/shilpavinod/.m2/repository/com/beust/jcommander/1.72/jcommander-1.72.jar:/Users/shilpavinod/.m2/repository/org/apache-extras/beanshell/bsh/2.0b6/bsh-2.0b6.jar:/Users/shilpavinod/.m2/repository/io/rest-assured/rest-assured/4.0.0/rest-assured-4.0.0.jar:/Users/shilpavinod/.m2/repository/org/codehaus/groovy/groovy/2.5.6/groovy-2.5.6.jar:/Users/shilpavinod/.m2/repository/org/codehaus/groovy/groovy-xml/2.5.6/groovy-xml-2.5.6.jar:/Users/shilpavinod/.m2/repository/org/apache/httpcomponents/httpclient/4.5.3/httpclient-4.5.3.jar:/Users/shilpavinod/.m2/repository/org/apache/httpcomponents/httpcore/4.4.6/httpcore-4.4.6.jar:/Users/shilpavinod/.m2/repository/commons-logging/commons-logging/1.2/commons-logging-1.2.jar:/Users/shilpavinod/.m2/repository/commons-codec/commons-codec/1.9/commons-codec-1.9.jar:/Users/shilpavinod/.m2/repository/org/apache/httpcomponents/httpmime/4.5.3/httpmime-4.5.3.jar:/Users/shilpavinod/.m2/repository/org/hamcrest/hamcrest-core/2.1/hamcrest-core-2.1.jar:/Users/shilpavinod/.m2/repository/org/hamcrest/hamcrest/2.1/hamcrest-2.1.jar:/Users/shilpavinod/.m2/repository/org/hamcrest/hamcrest-library/2.1/hamcrest-library-2.1.jar:/Users/shilpavinod/.m2/repository/org/ccil/cowan/tagsoup/tagsoup/1.2.1/tagsoup-1.2.1.jar:/Users/shilpavinod/.m2/repository/io/rest-assured/json-path/4.0.0/json-path-4.0.0.jar:/Users/shilpavinod/.m2/repository/org/codehaus/groovy/groovy-json/2.5.6/groovy-json-2.5.6.jar:/Users/shilpavinod/.m2/repository/io/rest-assured/rest-assured-common/4.0.0/rest-assured-common-4.0.0.jar:/Users/shilpavinod/.m2/repository/io/rest-assured/xml-path/4.0.0/xml-path-4.0.0.jar:/Users/shilpavinod/.m2/repository/javax/xml/bind/jaxb-api/2.2.12/jaxb-api-2.2.12.jar:/Users/shilpavinod/.m2/repository/com/sun/xml/bind/jaxb-osgi/2.2.10/jaxb-osgi-2.2.10.jar:/Users/shilpavinod/.m2/repository/org/apache/sling/org.apache.sling.javax.activation/0.1.0/org.apache.sling.javax.activation-0.1.0.jar:/Users/shilpavinod/.m2/repository/javax/activation/activation/1.1.1/activation-1.1.1.jar:/Users/shilpavinod/.m2/repository/io/appium/java-client/7.0.0/java-client-7.0.0.jar:/Users/shilpavinod/.m2/repository/com/google/code/gson/gson/2.8.5/gson-2.8.5.jar:/Users/shilpavinod/.m2/repository/cglib/cglib/3.2.8/cglib-3.2.8.jar:/Users/shilpavinod/.m2/repository/org/ow2/asm/asm/6.2.1/asm-6.2.1.jar:/Users/shilpavinod/.m2/repository/org/apache/ant/ant/1.10.3/ant-1.10.3.jar:/Users/shilpavinod/.m2/repository/org/apache/ant/ant-launcher/1.10.3/ant-launcher-1.10.3.jar:/Users/shilpavinod/.m2/repository/commons-validator/commons-validator/1.6/commons-validator-1.6.jar:/Users/shilpavinod/.m2/repository/commons-beanutils/commons-beanutils/1.9.2/commons-beanutils-1.9.2.jar:/Users/shilpavinod/.m2/repository/commons-digester/commons-digester/1.8.1/commons-digester-1.8.1.jar:/Users/shilpavinod/.m2/repository/commons-collections/commons-collections/3.2.2/commons-collections-3.2.2.jar:/Users/shilpavinod/.m2/repository/org/apache/commons/commons-lang3/3.8/commons-lang3-3.8.jar:/Users/shilpavinod/.m2/repository/commons-io/commons-io/2.6/commons-io-2.6.jar:/Users/shilpavinod/.m2/repository/org/springframework/spring-context/5.1.0.RELEASE/spring-context-5.1.0.RELEASE.jar:/Users/shilpavinod/.m2/repository/org/springframework/spring-aop/5.1.0.RELEASE/spring-aop-5.1.0.RELEASE.jar:/Users/shilpavinod/.m2/repository/org/springframework/spring-beans/5.1.0.RELEASE/spring-beans-5.1.0.RELEASE.jar:/Users/shilpavinod/.m2/repository/org/springframework/spring-core/5.1.0.RELEASE/spring-core-5.1.0.RELEASE.jar:/Users/shilpavinod/.m2/repository/org/springframework/spring-jcl/5.1.0.RELEASE/spring-jcl-5.1.0.RELEASE.jar:/Users/shilpavinod/.m2/repository/org/springframework/spring-expression/5.1.0.RELEASE/spring-expression-5.1.0.RELEASE.jar:/Users/shilpavinod/.m2/repository/org/aspectj/aspectjweaver/1.9.1/aspectjweaver-1.9.1.jar:/Users/shilpavinod/.m2/repository/org/slf4j/slf4j-api/1.7.25/slf4j-api-1.7.25.jar:"/>
    <property name="sun.cpu.endian" value="little"/>
    <property name="user.home" value="/Users/shilpavinod"/>
    <property name="user.language" value="en"/>
    <property name="java.specification.vendor" value="Oracle Corporation"/>
    <property name="java.version.date" value="2019-04-16"/>
    <property name="java.home" value="/Library/Java/JavaVirtualMachines/jdk-12.0.1.jdk/Contents/Home"/>
    <property name="file.separator" value="/"/>
    <property name="basedir" value="/Users/shilpavinod/Mavenjava"/>
    <property name="java.vm.compressedOopsMode" value="Zero based"/>
    <property name="line.separator" value="&#10;"/>
    <property name="java.specification.name" value="Java Platform API Specification"/>
    <property name="java.vm.specification.vendor" value="Oracle Corporation"/>
    <property name="java.awt.graphicsenv" value="sun.awt.CGraphicsEnvironment"/>
    <property name="surefire.real.class.path" value="/Users/shilpavinod/Mavenjava/target/surefire/surefirebooter8697304499817867934.jar"/>
    <property name="sun.management.compiler" value="HotSpot 64-Bit Tiered Compilers"/>
    <property name="ftp.nonProxyHosts" value="local|*.local|169.254/16|*.169.254/16|127.0.0.1"/>
    <property name="java.runtime.version" value="12.0.1+12"/>
    <property name="user.name" value="shilpavinod"/>
    <property name="path.separator" value=":"/>
    <property name="os.version" value="10.14.5"/>
    <property name="java.runtime.name" value="Java(TM) SE Runtime Environment"/>
    <property name="file.encoding" value="UTF-8"/>
    <property name="java.vm.name" value="Java HotSpot(TM) 64-Bit Server VM"/>
    <property name="localRepository" value="/Users/shilpavinod/.m2/repository"/>
    <property name="java.vendor.url.bug" value="https://bugreport.java.com/bugreport/"/>
    <property name="java.io.tmpdir" value="/var/folders/3r/55qpcnq177gdkn4sphy6jbxh0000gn/T/"/>
    <property name="java.version" value="12.0.1"/>
    <property name="user.dir" value="/Users/shilpavinod/Mavenjava"/>
    <property name="os.arch" value="x86_64"/>
    <property name="java.vm.specification.name" value="Java Virtual Machine Specification"/>
    <property name="java.library.path" value="/Users/shilpavinod/Library/Java/Extensions:/Library/Java/Extensions:/Network/Library/Java/Extensions:/System/Library/Java/Extensions:/usr/lib/java:."/>
    <property name="java.vm.info" value="mixed mode, sharing"/>
    <property name="java.vendor" value="Oracle Corporation"/>
    <property name="java.vm.version" value="12.0.1+12"/>
    <property name="sun.io.unicode.encoding" value="UnicodeBig"/>
    <property name="socksNonProxyHosts" value="local|*.local|169.254/16|*.169.254/16|127.0.0.1"/>
    <property name="java.class.version" value="56.0"/>
  </properties>
  <testcase name="browserAutomation" classname="qaclickacademy.SeleniumTest" time="0.004"/>
  <testcase name="elementsUI" classname="qaclickacademy.SeleniumTest" time="0"/>
  <testcase name="deleteTwitter" classname="qaclickacademy.RESTAPITest" time="0.001"/>
  <testcase name="postJira" classname="qaclickacademy.RESTAPITest" time="0.002"/>
</testsuite>