<?xml version="1.0" encoding="UTF-8"?>
<!-- Generated by org.testng.reporters.JUnitReportReporter -->
<testsuite hostname="Shilpas-MacBook-Pro.local" failures="0" tests="2" name="qaclickacademy.SeleniumTest" time="0.005" errors="0" timestamp="18 Jun 2019 02:48:58 GMT" skipped="0">
  <testcase classname="qaclickacademy.SeleniumTest" name="elementsUI" time="0.001"/>
  <testcase classname="qaclickacademy.SeleniumTest" name="browserAutomation" time="0.004"/>
</testsuite> <!-- qaclickacademy.SeleniumTest -->
